This is pdfTeX, Version 3.14159265-2.6-1.40.16 (TeX Live 2015) (preloaded format=pdflatex 2015.8.11)  23 FEB 2018 19:07
entering extended mode
 restricted \write18 enabled.
 file:line:error style messages enabled.
 %&-line parsing enabled.
**preambule_projet_de_these.tex
(./preambule_projet_de_these.tex
LaTeX2e <2015/01/01> patch level 2
Babel <3.9m> and hyphenation patterns for 79 languages loaded.

./preambule_projet_de_these.tex:1: LaTeX Error: \usepackage before \documentcla
ss.

See the LaTeX manual or LaTeX Companion for explanation.
Type  H <return>  for immediate help.
 ...                                              
                                                  
l.1 \usepackage[T1]{
                    fontenc}
? 
./preambule_projet_de_these.tex:1: Emergency stop.
 ...                                              
                                                  
l.1 \usepackage[T1]{
                    fontenc}
\usepackage may only appear in the document preamble, i.e.,
between \documentclass and \begin{document}.

 
Here is how much of TeX's memory you used:
 6 strings out of 493091
 341 string characters out of 6134964
 53225 words of memory out of 5000000
 3591 multiletter control sequences out of 15000+600000
 3640 words of font info for 14 fonts, out of 8000000 for 9000
 1141 hyphenation exceptions out of 8191
 5i,0n,5p,57b,14s stack positions out of 5000i,500n,10000p,200000b,80000s
./preambule_projet_de_these.tex:1:  ==> Fatal error occurred, no output PDF fil
e produced!
